C:\USERS\LIU.NAN-HUNG\DROPBOX\HAL\DIRECTX 3D\3D_GAME\DEBUG\3D_GAME.RES
C:\USERS\LIU.NAN-HUNG\DROPBOX\HAL\DIRECTX 3D\3D_GAME\DEBUG\CAMERA.OBJ
C:\Users\LIU.NAN-HUNG\Dropbox\HAL\DirectX 3D\3D_Game\Debug\cl.command.1.tlog
C:\Users\LIU.NAN-HUNG\Dropbox\HAL\DirectX 3D\3D_Game\Debug\CL.read.1.tlog
C:\Users\LIU.NAN-HUNG\Dropbox\HAL\DirectX 3D\3D_Game\Debug\CL.write.1.tlog
C:\USERS\LIU.NAN-HUNG\DROPBOX\HAL\DIRECTX 3D\3D_GAME\DEBUG\CLOCK.OBJ
C:\USERS\LIU.NAN-HUNG\DROPBOX\HAL\DIRECTX 3D\3D_GAME\DEBUG\DEBUGPROC.OBJ
C:\USERS\LIU.NAN-HUNG\DROPBOX\HAL\DIRECTX 3D\3D_GAME\DEBUG\ENEMY.OBJ
C:\USERS\LIU.NAN-HUNG\DROPBOX\HAL\DIRECTX 3D\3D_GAME\DEBUG\ENEMYBULLET.OBJ
C:\USERS\LIU.NAN-HUNG\DROPBOX\HAL\DIRECTX 3D\3D_GAME\DEBUG\ENEMYNUM.OBJ
C:\USERS\LIU.NAN-HUNG\DROPBOX\HAL\DIRECTX 3D\3D_GAME\DEBUG\FADE.OBJ
C:\USERS\LIU.NAN-HUNG\DROPBOX\HAL\DIRECTX 3D\3D_GAME\DEBUG\FOUNTAIN.OBJ
C:\USERS\LIU.NAN-HUNG\DROPBOX\HAL\DIRECTX 3D\3D_GAME\DEBUG\FOUNTAINCIRCLE.OBJ
C:\USERS\LIU.NAN-HUNG\DROPBOX\HAL\DIRECTX 3D\3D_GAME\DEBUG\GAME.OBJ
C:\USERS\LIU.NAN-HUNG\DROPBOX\HAL\DIRECTX 3D\3D_GAME\DEBUG\GUN.OBJ
C:\USERS\LIU.NAN-HUNG\DROPBOX\HAL\DIRECTX 3D\3D_GAME\DEBUG\GUNSIGHT.OBJ
C:\USERS\LIU.NAN-HUNG\DROPBOX\HAL\DIRECTX 3D\3D_GAME\DEBUG\HITCHECK.OBJ
C:\USERS\LIU.NAN-HUNG\DROPBOX\HAL\DIRECTX 3D\3D_GAME\DEBUG\INPUT.OBJ
C:\USERS\LIU.NAN-HUNG\DROPBOX\HAL\DIRECTX 3D\3D_GAME\DEBUG\ITEMBULLET.OBJ
C:\USERS\LIU.NAN-HUNG\DROPBOX\HAL\DIRECTX 3D\3D_GAME\DEBUG\LIGHT.OBJ
C:\Users\LIU.NAN-HUNG\Dropbox\HAL\DirectX 3D\3D_Game\Debug\link.command.1.tlog
C:\Users\LIU.NAN-HUNG\Dropbox\HAL\DirectX 3D\3D_Game\Debug\link.read.1.tlog
C:\Users\LIU.NAN-HUNG\Dropbox\HAL\DirectX 3D\3D_Game\Debug\link.write.1.tlog
C:\Users\LIU.NAN-HUNG\Dropbox\HAL\DirectX 3D\3D_Game\Debug\link-cvtres.read.1.tlog
C:\Users\LIU.NAN-HUNG\Dropbox\HAL\DirectX 3D\3D_Game\Debug\link-cvtres.write.1.tlog
C:\USERS\LIU.NAN-HUNG\DROPBOX\HAL\DIRECTX 3D\3D_GAME\DEBUG\MAIN.OBJ
C:\USERS\LIU.NAN-HUNG\DROPBOX\HAL\DIRECTX 3D\3D_GAME\DEBUG\MESHDOME.OBJ
C:\USERS\LIU.NAN-HUNG\DROPBOX\HAL\DIRECTX 3D\3D_GAME\DEBUG\MESHFIELD.OBJ
C:\USERS\LIU.NAN-HUNG\DROPBOX\HAL\DIRECTX 3D\3D_GAME\DEBUG\MESHWALL.OBJ
C:\USERS\LIU.NAN-HUNG\DROPBOX\HAL\DIRECTX 3D\3D_GAME\DEBUG\MESSAGE.OBJ
C:\Users\LIU.NAN-HUNG\Dropbox\HAL\DirectX 3D\3D_Game\Debug\mt.command.1.tlog
C:\Users\LIU.NAN-HUNG\Dropbox\HAL\DirectX 3D\3D_Game\Debug\mt.read.1.tlog
C:\Users\LIU.NAN-HUNG\Dropbox\HAL\DirectX 3D\3D_Game\Debug\mt.write.1.tlog
C:\USERS\LIU.NAN-HUNG\DROPBOX\HAL\DIRECTX 3D\3D_GAME\DEBUG\PARTICLE.OBJ
C:\USERS\LIU.NAN-HUNG\DROPBOX\HAL\DIRECTX 3D\3D_GAME\DEBUG\PLAYER.OBJ
C:\USERS\LIU.NAN-HUNG\DROPBOX\HAL\DIRECTX 3D\3D_GAME\DEBUG\PLAYERBULLET.OBJ
C:\USERS\LIU.NAN-HUNG\DROPBOX\HAL\DIRECTX 3D\3D_GAME\DEBUG\PLAYERBULLETNUM.OBJ
C:\USERS\LIU.NAN-HUNG\DROPBOX\HAL\DIRECTX 3D\3D_GAME\DEBUG\PLAYERLIFE.OBJ
C:\Users\LIU.NAN-HUNG\Dropbox\HAL\DirectX 3D\3D_Game\Debug\rc.command.1.tlog
C:\Users\LIU.NAN-HUNG\Dropbox\HAL\DirectX 3D\3D_Game\Debug\rc.read.1.tlog
C:\Users\LIU.NAN-HUNG\Dropbox\HAL\DirectX 3D\3D_Game\Debug\rc.write.1.tlog
C:\USERS\LIU.NAN-HUNG\DROPBOX\HAL\DIRECTX 3D\3D_GAME\DEBUG\RESULT.OBJ
C:\USERS\LIU.NAN-HUNG\DROPBOX\HAL\DIRECTX 3D\3D_GAME\DEBUG\RESULT_BG.OBJ
C:\USERS\LIU.NAN-HUNG\DROPBOX\HAL\DIRECTX 3D\3D_GAME\DEBUG\RESULT_RANK.OBJ
C:\USERS\LIU.NAN-HUNG\DROPBOX\HAL\DIRECTX 3D\3D_GAME\DEBUG\RESULT_RANK_NTH.OBJ
C:\USERS\LIU.NAN-HUNG\DROPBOX\HAL\DIRECTX 3D\3D_GAME\DEBUG\RESULT_RANK_TEX.OBJ
C:\USERS\LIU.NAN-HUNG\DROPBOX\HAL\DIRECTX 3D\3D_GAME\DEBUG\SHADOW.OBJ
C:\USERS\LIU.NAN-HUNG\DROPBOX\HAL\DIRECTX 3D\3D_GAME\DEBUG\SOUND.OBJ
C:\USERS\LIU.NAN-HUNG\DROPBOX\HAL\DIRECTX 3D\3D_GAME\DEBUG\STAGEMANAGER.OBJ
C:\Users\LIU.NAN-HUNG\Dropbox\HAL\DirectX 3D\3D_Game\Debug\Time To Shoot.exe
C:\USERS\LIU.NAN-HUNG\DROPBOX\HAL\DIRECTX 3D\3D_GAME\DEBUG\TIME TO SHOOT.EXE.EMBED.MANIFEST
C:\USERS\LIU.NAN-HUNG\DROPBOX\HAL\DIRECTX 3D\3D_GAME\DEBUG\TIME TO SHOOT.EXE.EMBED.MANIFEST.RES
C:\Users\LIU.NAN-HUNG\Dropbox\HAL\DirectX 3D\3D_Game\Debug\Time To Shoot.exe.intermediate.manifest
C:\Users\LIU.NAN-HUNG\Dropbox\HAL\DirectX 3D\3D_Game\Debug\Time To Shoot.ilk
C:\Users\LIU.NAN-HUNG\Dropbox\HAL\DirectX 3D\3D_Game\Debug\Time To Shoot.pdb
C:\Users\LIU.NAN-HUNG\Dropbox\HAL\DirectX 3D\3D_Game\Debug\Time To Shoot.write.1.tlog
C:\Users\LIU.NAN-HUNG\Dropbox\HAL\DirectX 3D\3D_Game\Debug\Time To Shoot_manifest.rc
C:\USERS\LIU.NAN-HUNG\DROPBOX\HAL\DIRECTX 3D\3D_GAME\DEBUG\TIME.OBJ
C:\USERS\LIU.NAN-HUNG\DROPBOX\HAL\DIRECTX 3D\3D_GAME\DEBUG\TITLE.OBJ
C:\USERS\LIU.NAN-HUNG\DROPBOX\HAL\DIRECTX 3D\3D_GAME\DEBUG\TITLE_BG.OBJ
C:\USERS\LIU.NAN-HUNG\DROPBOX\HAL\DIRECTX 3D\3D_GAME\DEBUG\TITLE_MENU.OBJ
C:\Users\LIU.NAN-HUNG\Dropbox\HAL\DirectX 3D\3D_Game\Debug\vc100.idb
C:\USERS\LIU.NAN-HUNG\DROPBOX\HAL\DIRECTX 3D\3D_GAME\DEBUG\VC100.PDB
